[16:05:00] [main/INFO] (FabricLoader/GameProvider) Loading Minecraft 1.20.1 with Fabric Loader 0.16.0
[16:05:01] [main/WARN] (FabricLoader/Resolution) Warnings were found!
 - Mod 'Hibernal Herbs' (hibernalherbs) 1.3 recommends any version of lambdabettergrass, which is missing!
	 - You should install any version of lambdabettergrass for the optimal experience.
 - Mod 'Hibernal Herbs' (hibernalherbs) 1.3 recommends any version of modmenu, which is missing!
	 - You should install any version of modmenu for the optimal experience.
[16:05:01] [main/INFO] (FabricLoader) Loading 71 mods:
	- architectury 9.2.14
	- cardinal-components-base 5.2.0
	- cardinal-components-entity 5.2.0
	- cloth-basic-math 0.6.1
	- cloth-config 11.0.99
	- error_notifier 1.0.9
	- fabric-api 0.92.2+1.20.1
	- fabric-api-base 0.4.31+1802ada577
	- fabric-api-lookup-api-v1 1.6.36+1802ada577
	- fabric-biome-api-v1 13.0.13+1802ada577
	- fabric-block-api-v1 1.0.11+1802ada577
	- fabric-block-view-api-v2 1.0.1+1802ada577
	- fabric-blockrenderlayer-v1 1.1.41+1802ada577
	- fabric-client-tags-api-v1 1.1.2+1802ada577
	- fabric-command-api-v1 1.2.34+f71b366f77
	- fabric-command-api-v2 2.2.13+1802ada577
	- fabric-commands-v0 0.2.51+df3654b377
	- fabric-containers-v0 0.1.64+df3654b377
	- fabric-content-registries-v0 4.0.11+1802ada577
	- fabric-convention-tags-v1 1.5.5+1802ada577
	- fabric-crash-report-info-v1 0.2.19+1802ada577
	- fabric-data-attachment-api-v1 1.0.0+de0fd6d177
	- fabric-data-generation-api-v1 12.3.4+1802ada577
	- fabric-dimensions-v1 2.1.54+1802ada577
	- fabric-entity-events-v1 1.6.0+1c78457f77
	- fabric-events-interaction-v0 0.6.2+1802ada577
	- fabric-events-lifecycle-v0 0.2.63+df3654b377
	- fabric-game-rule-api-v1 1.0.40+1802ada577
	- fabric-gametest-api-v1 1.2.13+1802ada577
	- fabric-item-api-v1 2.1.28+1802ada577
	- fabric-item-group-api-v1 4.0.12+1802ada577
	- fabric-key-binding-api-v1 1.0.37+1802ada577
	- fabric-keybindings-v0 0.2.35+df3654b377
	- fabric-lifecycle-events-v1 2.2.22+1802ada577
	- fabric-loot-api-v2 1.2.1+1802ada577
	- fabric-loot-tables-v1 1.1.45+9e7660c677
	- fabric-message-api-v1 5.1.9+1802ada577
	- fabric-mining-level-api-v1 2.1.50+1802ada577
	- fabric-model-loading-api-v1 1.0.3+1802ada577
	- fabric-models-v0 0.4.2+9386d8a777
	- fabric-networking-api-v1 1.3.11+1802ada577
	- fabric-networking-v0 0.3.51+df3654b377
	- fabric-object-builder-api-v1 11.1.3+1802ada577
	- fabric-particles-v1 1.1.2+1802ada577
	- fabric-recipe-api-v1 1.0.21+1802ada577
	- fabric-registry-sync-v0 2.3.3+1802ada577
	- fabric-renderer-api-v1 3.2.1+1802ada577
	- fabric-renderer-indigo 1.5.2+85287f9f77
	- fabric-renderer-registries-v1 3.2.46+df3654b377
	- fabric-rendering-data-attachment-v1 0.3.37+92a0d36777
	- fabric-rendering-fluids-v1 3.0.28+1802ada577
	- fabric-rendering-v0 1.1.49+df3654b377
	- fabric-rendering-v1 3.0.8+1802ada577
	- fabric-resource-conditions-api-v1 2.3.8+1802ada577
	- fabric-resource-loader-v0 0.11.10+1802ada577
	- fabric-screen-api-v1 2.0.8+1802ada577
	- fabric-screen-handler-api-v1 1.3.30+1802ada577
	- fabric-sound-api-v1 1.0.13+1802ada577
	- fabric-transfer-api-v1 3.3.5+8dd72ea377
	- fabric-transitive-access-wideners-v1 4.3.1+1802ada577
	- fabricloader 0.16.0
	- fiber 0.23.0-2
	- generated_d923802 1.0.0
	- hibernalherbs 1.3
	- java 21
	- minecraft 1.20.1
	- mixinextras 0.4.0
	- patchouli 1.20.1-84-FABRIC-SNAPSHOT
	- roughlyenoughitems 12.1.740
	- terraform-wood-api-v1 7.0.1
	- trinkets 3.7.2
[16:05:01] [main/INFO] (FabricLoader/Mixin) SpongePowered MIXIN Subsystem Version=0.8.7 Source=file:/C:/Users/rjtub/.gradle/caches/modules-2/files-2.1/net.fabricmc/sponge-mixin/0.15.0+mixin.0.8.7/2ce1c5d57a061f3e259ec30b8b0cb2dc889c5156/sponge-mixin-0.15.0+mixin.0.8.7.jar Service=Knot/Fabric Env=CLIENT
[16:05:01] [main/INFO] (FabricLoader/Mixin) Loaded Fabric development mappings for mixin remapper!
[16:05:01] [main/INFO] (FabricLoader/Mixin) Compatibility level set to JAVA_17
[16:05:03] [main/INFO] (FabricLoader/MixinExtras|Service) Initializing MixinExtras via com.llamalad7.mixinextras.service.MixinExtrasServiceImpl(version=0.4.0).
[16:05:09] [Datafixer Bootstrap/INFO] (Minecraft) 188 Datafixer optimizations took 147 milliseconds
[16:05:11] [Render thread/INFO] (Minecraft) [STDERR]: [LWJGL] [ThreadLocalUtil] Unsupported JNI version detected, this may result in a crash. Please inform LWJGL developers.
[16:05:12] [Render thread/INFO] (Minecraft) Environment: authHost='https://authserver.mojang.com', accountsHost='https://api.mojang.com', sessionHost='https://sessionserver.mojang.com', servicesHost='https://api.minecraftservices.com', name='PROD'
[16:05:12] [Render thread/ERROR] (Minecraft) Failed to verify authentication
com.mojang.authlib.exceptions.InvalidCredentialsException: Status: 401
	at com.mojang.authlib.exceptions.MinecraftClientHttpException.toAuthenticationException(MinecraftClientHttpException.java:56) ~[authlib-4.0.43.jar:?]
	at com.mojang.authlib.yggdrasil.YggdrasilUserApiService.fetchProperties(YggdrasilUserApiService.java:156) ~[authlib-4.0.43.jar:?]
	at com.mojang.authlib.yggdrasil.YggdrasilUserApiService.<init>(YggdrasilUserApiService.java:55) ~[authlib-4.0.43.jar:?]
	at com.mojang.authlib.yggdrasil.YggdrasilAuthenticationService.createUserApiService(YggdrasilAuthenticationService.java:124) ~[authlib-4.0.43.jar:?]
	at net.minecraft.client.MinecraftClient.createUserApiService(MinecraftClient.java:733) ~[minecraft-merged-ddc8d8115a-1.20.1-net.fabricmc.yarn.1_20_1.1.20.1+build.1-v2.jar:?]
	at net.minecraft.client.MinecraftClient.<init>(MinecraftClient.java:442) ~[minecraft-merged-ddc8d8115a-1.20.1-net.fabricmc.yarn.1_20_1.1.20.1+build.1-v2.jar:?]
	at net.minecraft.client.main.Main.main(Main.java:211) ~[minecraft-merged-ddc8d8115a-1.20.1-net.fabricmc.yarn.1_20_1.1.20.1+build.1-v2.jar:?]
	at net.fabricmc.loader.impl.game.minecraft.MinecraftGameProvider.launch(MinecraftGameProvider.java:480) ~[fabric-loader-0.16.0.jar:?]
	at net.fabricmc.loader.impl.launch.knot.Knot.launch(Knot.java:74) ~[fabric-loader-0.16.0.jar:?]
	at net.fabricmc.loader.impl.launch.knot.KnotClient.main(KnotClient.java:23) ~[fabric-loader-0.16.0.jar:?]
	at net.fabricmc.devlaunchinjector.Main.main(Main.java:86) ~[dev-launch-injector-0.2.1+build.8.jar:?]
	at dev.architectury.transformer.TransformerRuntime.main(TransformerRuntime.java:219) ~[architectury-transformer-5.2.83-runtime.jar:?]
Caused by: com.mojang.authlib.exceptions.MinecraftClientHttpException: Status: 401
	at com.mojang.authlib.minecraft.client.MinecraftClient.readInputStream(MinecraftClient.java:85) ~[authlib-4.0.43.jar:?]
	at com.mojang.authlib.minecraft.client.MinecraftClient.get(MinecraftClient.java:48) ~[authlib-4.0.43.jar:?]
	at com.mojang.authlib.yggdrasil.YggdrasilUserApiService.fetchProperties(YggdrasilUserApiService.java:129) ~[authlib-4.0.43.jar:?]
	... 10 more
[16:05:12] [Render thread/INFO] (Minecraft) Setting user: Player785
[16:05:13] [Render thread/INFO] (REI) [REI] Config loaded
[16:05:13] [Render thread/INFO] (NetworkManagerImpl) Registering S2C receiver with id roughlyenoughitems:request_tags_s2c
[16:05:13] [Render thread/INFO] (NetworkManagerImpl) Registering C2S receiver with id roughlyenoughitems:request_tags_c2s
[16:05:13] [Render thread/INFO] (REI) [REI] Registered plugin provider DefaultPlugin [roughlyenoughitems] for REIPlugin
[16:05:13] [Render thread/INFO] (REI) [REI] Registered plugin provider DefaultRuntimePlugin [roughlyenoughitems] for REIPlugin
[16:05:13] [Render thread/INFO] (REI) [REI] Registered plugin provider DefaultClientPlugin [roughlyenoughitems] for REIPlugin
[16:05:13] [Render thread/INFO] (REI) [REI] Registered plugin provider DefaultClientRuntimePlugin [roughlyenoughitems] for REIPlugin
[16:05:13] [Render thread/INFO] (REI) [REI] Registered plugin provider HideIngredientsFromTagsPlugin [roughlyenoughitems] for REIPlugin
[16:05:13] [Render thread/INFO] (REI) [REI] Registered plugin provider ReiHibernalHerbsPlugin [hibernalherbs] for REIPlugin
[16:05:13] [Render thread/INFO] (REI) [REI] Registered plugin provider TrinketsREIPlugin [trinkets] for REIPlugin
[16:05:13] [Render thread/INFO] (REI) [REI] Registered plugin provider DefaultPlugin [roughlyenoughitems] for REIServerPlugin
[16:05:13] [Render thread/INFO] (REI) [REI] Registered plugin provider DefaultRuntimePlugin [roughlyenoughitems] for REIServerPlugin
[16:05:13] [Render thread/INFO] (REI) [REI] Registered plugin provider FabricFluidAPISupportPlugin for REIServerPlugin
[16:05:13] [Render thread/INFO] (REI) [REI] Registered plugin provider FabricFluidAPISupportPlugin for REIPlugin
[16:05:13] [Render thread/INFO] (NetworkManagerImpl) Registering C2S receiver with id roughlyenoughitems:delete_item
[16:05:13] [Render thread/INFO] (NetworkManagerImpl) Registering C2S receiver with id roughlyenoughitems:create_item
[16:05:13] [Render thread/INFO] (NetworkManagerImpl) Registering C2S receiver with id roughlyenoughitems:create_item_grab
[16:05:13] [Render thread/INFO] (NetworkManagerImpl) Registering C2S receiver with id roughlyenoughitems:create_item_hotbar
[16:05:13] [Render thread/INFO] (NetworkManagerImpl) Registering C2S receiver with id roughlyenoughitems:move_items
[16:05:13] [Render thread/INFO] (NetworkManagerImpl) Registering C2S receiver with id roughlyenoughitems:move_items_new
[16:05:14] [Render thread/INFO] (Indigo) [Indigo] Registering Indigo renderer!
[16:05:14] [Render thread/INFO] (REI) [REI] Registered plugin provider DefaultClientPlugin [roughlyenoughitems] for REIClientPlugin
[16:05:14] [Render thread/INFO] (REI) [REI] Registered plugin provider DefaultClientRuntimePlugin [roughlyenoughitems] for REIClientPlugin
[16:05:14] [Render thread/INFO] (REI) [REI] Registered plugin provider HideIngredientsFromTagsPlugin [roughlyenoughitems] for REIClientPlugin
[16:05:14] [Render thread/INFO] (REI) [REI] Registered plugin provider ReiHibernalHerbsPlugin [hibernalherbs] for REIClientPlugin
[16:05:14] [Render thread/INFO] (REI) [REI] Registered plugin provider TrinketsREIPlugin [trinkets] for REIClientPlugin
[16:05:14] [Render thread/INFO] (NetworkManagerImpl) Registering S2C receiver with id roughlyenoughitems:ci_msg
[16:05:14] [Render thread/INFO] (NetworkManagerImpl) Registering S2C receiver with id roughlyenoughitems:og_not_enough
[16:05:14] [Render thread/INFO] (NetworkManagerImpl) Registering S2C receiver with id architectury:spawn_entity_packet
[16:05:14] [Render thread/INFO] (Minecraft) Backend library: LWJGL version 3.3.2-snapshot
[16:05:16] [Render thread/INFO] (Minecraft) Reloading ResourceManager: vanilla, fabric (fabric-commands-v0, fabric-sound-api-v1, fabric-renderer-api-v1, fabric-message-api-v1, fabric-object-builder-api-v1, fabric-block-api-v1, fabric-command-api-v2, fabric-content-registries-v0, fabric-networking-v0, generated_d923802, fabric-entity-events-v1, fabric-mining-level-api-v1, fabric-api-base, fabric-lifecycle-events-v1, fabric-client-tags-api-v1, fabric-screen-handler-api-v1, fabric-gametest-api-v1, fabric-recipe-api-v1, fabric-events-lifecycle-v0, fabric-crash-report-info-v1, fabric-screen-api-v1, fabric-renderer-registries-v1, fabric-resource-loader-v0, fabric-models-v0, fabric-particles-v1, fabric-data-attachment-api-v1, cardinal-components-base, fabricloader, fabric-biome-api-v1, fabric-renderer-indigo, fabric-key-binding-api-v1, fabric-events-interaction-v0, fabric-convention-tags-v1, patchouli, fabric-resource-conditions-api-v1, fabric-transfer-api-v1, cloth-config, fabric-registry-sync-v0, fabric-rendering-v0, roughlyenoughitems, fabric-api, fabric-loot-api-v2, fabric-command-api-v1, fabric-model-loading-api-v1, fabric-api-lookup-api-v1, hibernalherbs, fabric-transitive-access-wideners-v1, fabric-rendering-data-attachment-v1, fabric-rendering-fluids-v1, terraform-wood-api-v1, fabric-item-group-api-v1, fabric-block-view-api-v2, trinkets, fabric-dimensions-v1, fabric-rendering-v1, fabric-loot-tables-v1, fabric-networking-api-v1, fabric-item-api-v1, fabric-keybindings-v0, cardinal-components-entity, fabric-data-generation-api-v1, fabric-containers-v0, fabric-blockrenderlayer-v1, fabric-game-rule-api-v1)
[16:05:16] [Worker-Main-1/INFO] (Minecraft) Found unifont_all_no_pua-15.0.06.hex, loading
[16:05:16] [Realms Notification Availability checker #1/INFO] (Minecraft) Could not authorize you against Realms server: Invalid session id
[16:05:17] [Render thread/WARN] (Minecraft) Missing sound for event: minecraft:item.goat_horn.play
[16:05:17] [Render thread/WARN] (Minecraft) Missing sound for event: minecraft:entity.goat.screaming.horn_break
[16:05:18] [Render thread/INFO] (Minecraft) OpenAL initialized on device OpenAL Soft on Speakers (Intel® Smart Sound Technology for MIPI SoundWire® Audio)
[16:05:18] [Render thread/INFO] (Minecraft) Sound engine started
[16:05:18] [Render thread/INFO] (Minecraft) Created: 1024x512x4 minecraft:textures/atlas/blocks.png-atlas
[16:05:19] [Render thread/INFO] (Minecraft) Created: 256x256x4 minecraft:textures/atlas/signs.png-atlas
[16:05:19] [Render thread/INFO] (Minecraft) Created: 512x512x4 minecraft:textures/atlas/shield_patterns.png-atlas
[16:05:19] [Render thread/INFO] (Minecraft) Created: 512x512x4 minecraft:textures/atlas/banner_patterns.png-atlas
[16:05:19] [Render thread/INFO] (Minecraft) Created: 1024x1024x4 minecraft:textures/atlas/armor_trims.png-atlas
[16:05:20] [Render thread/INFO] (Minecraft) Created: 128x64x4 minecraft:textures/atlas/decorated_pot.png-atlas
[16:05:20] [Render thread/INFO] (Minecraft) Created: 256x256x4 minecraft:textures/atlas/chest.png-atlas
[16:05:20] [Render thread/INFO] (Minecraft) Created: 512x256x4 minecraft:textures/atlas/beds.png-atlas
[16:05:20] [Render thread/INFO] (Minecraft) Created: 512x256x4 minecraft:textures/atlas/shulker_boxes.png-atlas
[16:05:21] [Render thread/WARN] (Minecraft) Shader rendertype_entity_translucent_emissive could not find sampler named Sampler2 in the specified shader program.
[16:05:21] [Render thread/INFO] (Minecraft) Created: 256x256x0 minecraft:textures/atlas/particles.png-atlas
[16:05:21] [Render thread/INFO] (Minecraft) Created: 256x256x0 minecraft:textures/atlas/paintings.png-atlas
[16:05:21] [Render thread/INFO] (Minecraft) Created: 256x128x0 minecraft:textures/atlas/mob_effects.png-atlas
[16:05:21] [Render thread/INFO] (patchouli) BookContentResourceListenerLoader preloaded 25 jsons
[16:05:27] [Render thread/INFO] (Minecraft) Loaded 8 recipes
[16:05:27] [Render thread/INFO] (Minecraft) Loaded 1325 advancements
[16:05:27] [Render thread/INFO] (BiomeModificationImpl) Applied 8 biome modifications to 4 of 64 new biomes in 13.46 ms
[16:05:27] [Server thread/INFO] (Minecraft) Starting integrated minecraft server version 1.20.1
[16:05:27] [Server thread/INFO] (Minecraft) Generating keypair
[16:05:28] [Server thread/INFO] (Minecraft) Preparing start region for dimension minecraft:overworld
[16:05:30] [Render thread/INFO] (Minecraft) Preparing spawn area: 0%
[16:05:30] [Render thread/INFO] (Minecraft) Preparing spawn area: 0%
[16:05:30] [Render thread/INFO] (Minecraft) Preparing spawn area: 0%
[16:05:30] [Render thread/INFO] (Minecraft) Preparing spawn area: 0%
[16:05:30] [Render thread/INFO] (Minecraft) Preparing spawn area: 33%
[16:05:31] [Render thread/INFO] (Minecraft) Time elapsed: 2484 ms
[16:05:31] [Server thread/INFO] (Minecraft) Changing view distance to 12, from 10
[16:05:31] [Server thread/INFO] (Minecraft) Changing simulation distance to 12, from 0
[16:05:32] [Server thread/INFO] (Minecraft) Player785[local:E:d03b9dfc] logged in with entity id 113 at (-1177.6480927558277, 69.53292827534491, -105.37562642161933)
[16:05:32] [Server thread/INFO] (Minecraft) Player785 joined the game
[16:05:32] [Render thread/WARN] (Minecraft) Unknown recipe category: hibernalherbs:herbal_conjuration/hibernalherbs:conjuration/herb/blend/night_vision
[16:05:32] [Render thread/WARN] (Minecraft) Unknown recipe category: hibernalherbs:herbal_conjuration/hibernalherbs:conjuration/herb/blend/smoked/regeneration_slowness
[16:05:32] [Render thread/WARN] (Minecraft) Unknown recipe category: hibernalherbs:herbal_conjuration/hibernalherbs:conjuration/herb/blend/fire
[16:05:32] [Render thread/WARN] (Minecraft) Unknown recipe category: hibernalherbs:herbal_conjuration/hibernalherbs:conjuration/grimoire/lumbinetrik_petals
[16:05:32] [Render thread/WARN] (Minecraft) Unknown recipe category: hibernalherbs:herbal_conjuration/hibernalherbs:conjuration/herb/blend/smoked/regeneration
[16:05:32] [Render thread/WARN] (Minecraft) Unknown recipe category: hibernalherbs:herbal_conjuration/hibernalherbs:conjuration/herb/sage
[16:05:32] [Render thread/WARN] (Minecraft) Unknown recipe category: hibernalherbs:herbal_conjuration/hibernalherbs:conjuration/herb/sin/envy
[16:05:32] [Render thread/WARN] (Minecraft) Unknown recipe category: hibernalherbs:herbal_conjuration/hibernalherbs:conjuration/trinket/padlocks/gluttony_padlock
[16:05:32] [Render thread/WARN] (Minecraft) Unknown recipe category: hibernalherbs:herbal_conjuration/hibernalherbs:conjuration/sigil/mastery_adv
[16:05:32] [Render thread/WARN] (Minecraft) Unknown recipe category: hibernalherbs:herbal_conjuration/hibernalherbs:conjuration/herb/dried/dried_fennsel
[16:05:32] [Render thread/WARN] (Minecraft) Unknown recipe category: hibernalherbs:herbal_conjuration/hibernalherbs:conjuration/herb/blend/smoked/poison
[16:05:32] [Render thread/WARN] (Minecraft) Unknown recipe category: hibernalherbs:herbal_conjuration/hibernalherbs:conjuration/trinket/padlocks/bound/greed_padlock
[16:05:32] [Render thread/WARN] (Minecraft) Unknown recipe category: hibernalherbs:herbal_conjuration/hibernalherbs:conjuration/herb/blend/haste
[16:05:32] [Render thread/WARN] (Minecraft) Unknown recipe category: hibernalherbs:herbal_conjuration/hibernalherbs:conjuration/trinket/padlocks/bound/gluttony_padlock
[16:05:32] [Render thread/WARN] (Minecraft) Unknown recipe category: hibernalherbs:herbal_conjuration/hibernalherbs:conjuration/herb/resource_dependant/fennkystral
[16:05:32] [Render thread/WARN] (Minecraft) Unknown recipe category: hibernalherbs:herbal_conjuration/hibernalherbs:conjuration/herb/dried/dried_rosemary
[16:05:32] [Render thread/WARN] (Minecraft) Unknown recipe category: hibernalherbs:herbal_conjuration/hibernalherbs:conjuration/grimoire/singed_grimoire
[16:05:32] [Render thread/WARN] (Minecraft) Unknown recipe category: hibernalherbs:herbal_conjuration/hibernalherbs:conjuration/ring/gluttonous
[16:05:32] [Render thread/WARN] (Minecraft) Unknown recipe category: hibernalherbs:herbal_conjuration/hibernalherbs:conjuration/herb/blend/blindness
[16:05:32] [Render thread/WARN] (Minecraft) Unknown recipe category: hibernalherbs:herbal_conjuration/hibernalherbs:conjuration/sigil/greed
[16:05:32] [Render thread/WARN] (Minecraft) Unknown recipe category: hibernalherbs:herbal_conjuration/hibernalherbs:conjuration/herb/dried/dried_sage
[16:05:32] [Render thread/WARN] (Minecraft) Unknown recipe category: hibernalherbs:herbal_conjuration/hibernalherbs:conjuration/herb/dried/dried_tarragon
[16:05:32] [Render thread/WARN] (Minecraft) Unknown recipe category: hibernalherbs:herbal_conjuration/hibernalherbs:conjuration/herb/sin/wrath
[16:05:32] [Render thread/WARN] (Minecraft) Unknown recipe category: hibernalherbs:herbal_conjuration/hibernalherbs:conjuration/ring/adv/gluttonous
[16:05:32] [Render thread/WARN] (Minecraft) Unknown recipe category: hibernalherbs:herbal_conjuration/hibernalherbs:conjuration/trinket/padlocks/bound/sloth_padlock
[16:05:32] [Render thread/WARN] (Minecraft) Unknown recipe category: hibernalherbs:herbal_conjuration/hibernalherbs:conjuration/herb/blend/smoked/wither
[16:05:32] [Render thread/WARN] (Minecraft) Unknown recipe category: hibernalherbs:herbal_conjuration/hibernalherbs:conjuration/herb/blend/smoked/night_vision
[16:05:32] [Render thread/WARN] (Minecraft) Unknown recipe category: hibernalherbs:herbal_conjuration/hibernalherbs:conjuration/herb/dried/dried_thyocielle
[16:05:32] [Render thread/WARN] (Minecraft) Unknown recipe category: hibernalherbs:herbal_conjuration/hibernalherbs:conjuration/herb/blend/wither
[16:05:32] [Render thread/WARN] (Minecraft) Unknown recipe category: hibernalherbs:herbal_conjuration/hibernalherbs:conjuration/sigil/envy
[16:05:32] [Render thread/WARN] (Minecraft) Unknown recipe category: hibernalherbs:herbal_conjuration/hibernalherbs:conjuration/sigil/sloth
[16:05:32] [Render thread/WARN] (Minecraft) Unknown recipe category: hibernalherbs:herbal_conjuration/hibernalherbs:conjuration/trinket/padlocks/sloth_padlock
[16:05:32] [Render thread/WARN] (Minecraft) Unknown recipe category: hibernalherbs:herbal_conjuration/hibernalherbs:conjuration/trinket/padlocks/greed_padlock
[16:05:32] [Render thread/WARN] (Minecraft) Unknown recipe category: hibernalherbs:herbal_conjuration/hibernalherbs:conjuration/herb/dried/dried_chives
[16:05:32] [Render thread/WARN] (Minecraft) Unknown recipe category: hibernalherbs:herbal_conjuration/hibernalherbs:conjuration/trinket/padlocks/bound/envy_padlock
[16:05:32] [Render thread/WARN] (Minecraft) Unknown recipe category: hibernalherbs:herbal_conjuration/hibernalherbs:conjuration/herb/blend/weakness
[16:05:32] [Render thread/WARN] (Minecraft) Unknown recipe category: hibernalherbs:herbal_conjuration/hibernalherbs:conjuration/herb/blend/smoked/weakness
[16:05:32] [Render thread/WARN] (Minecraft) Unknown recipe category: hibernalherbs:herbal_conjuration/hibernalherbs:conjuration/herb/sin/lust
[16:05:32] [Render thread/WARN] (Minecraft) Unknown recipe category: hibernalherbs:herbal_conjuration/hibernalherbs:conjuration/trinket/padlocks/pride_padlock
[16:05:32] [Render thread/WARN] (Minecraft) Unknown recipe category: hibernalherbs:herbal_conjuration/hibernalherbs:conjuration/herb/dried/dried_ceillis
[16:05:32] [Render thread/WARN] (Minecraft) Unknown recipe category: hibernalherbs:herbal_conjuration/hibernalherbs:conjuration/herb/blend/smoked/regeneration_speed_weakness
[16:05:32] [Render thread/WARN] (Minecraft) Unknown recipe category: hibernalherbs:herbal_conjuration/hibernalherbs:conjuration/herb/dried/dried_chervil
[16:05:32] [Render thread/WARN] (Minecraft) Unknown recipe category: hibernalherbs:herbal_conjuration/hibernalherbs:conjuration/herb/blend/smoked/haste
[16:05:32] [Render thread/WARN] (Minecraft) Unknown recipe category: hibernalherbs:herbal_conjuration/hibernalherbs:conjuration/herb/resource_dependant/pounded_thyocielle
[16:05:32] [Render thread/WARN] (Minecraft) Unknown recipe category: hibernalherbs:herbal_conjuration/hibernalherbs:conjuration/trinket/padlocks/wrath_padlock
[16:05:32] [Render thread/WARN] (Minecraft) Unknown recipe category: hibernalherbs:herbal_conjuration/hibernalherbs:conjuration/herb/resource_dependant/pounded_fennkystral
[16:05:32] [Render thread/WARN] (Minecraft) Unknown recipe category: hibernalherbs:herbal_conjuration/hibernalherbs:conjuration/herb/blend/regeneration_speed_weakness
[16:05:32] [Render thread/WARN] (Minecraft) Unknown recipe category: hibernalherbs:herbal_conjuration/hibernalherbs:conjuration/sigil/wrath
[16:05:32] [Render thread/WARN] (Minecraft) Unknown recipe category: hibernalherbs:herbal_conjuration/hibernalherbs:conjuration/ring/base/ring
[16:05:32] [Render thread/WARN] (Minecraft) Unknown recipe category: hibernalherbs:herbal_conjuration/hibernalherbs:conjuration/grimoire/siliptium_petals
[16:05:32] [Render thread/WARN] (Minecraft) Unknown recipe category: hibernalherbs:herbal_conjuration/hibernalherbs:conjuration/herb/blend/smoked/speed
[16:05:32] [Render thread/WARN] (Minecraft) Unknown recipe category: hibernalherbs:herbal_conjuration/hibernalherbs:conjuration/sigil/gluttony
[16:05:32] [Render thread/WARN] (Minecraft) Unknown recipe category: hibernalherbs:herbal_conjuration/hibernalherbs:conjuration/herb/blend/smoked/fire
[16:05:32] [Render thread/WARN] (Minecraft) Unknown recipe category: hibernalherbs:herbal_conjuration/hibernalherbs:conjuration/trinket/padlocks/bound/pride_padlock
[16:05:32] [Render thread/WARN] (Minecraft) Unknown recipe category: hibernalherbs:herbal_conjuration/hibernalherbs:conjuration/sigil/pride
[16:05:32] [Render thread/WARN] (Minecraft) Unknown recipe category: hibernalherbs:herbal_conjuration/hibernalherbs:conjuration/herb/dried/dried_punuel
[16:05:32] [Render thread/WARN] (Minecraft) Unknown recipe category: hibernalherbs:herbal_conjuration/hibernalherbs:conjuration/herb/dried/dried_chamomile
[16:05:32] [Render thread/WARN] (Minecraft) Unknown recipe category: hibernalherbs:herbal_conjuration/hibernalherbs:conjuration/herb/blend/speed
[16:05:32] [Render thread/WARN] (Minecraft) Unknown recipe category: hibernalherbs:herbal_conjuration/hibernalherbs:conjuration/herb/sin/sloth
[16:05:32] [Render thread/WARN] (Minecraft) Unknown recipe category: hibernalherbs:herbal_conjuration/hibernalherbs:conjuration/herb/resource_dependant/thyocielle
[16:05:32] [Render thread/WARN] (Minecraft) Unknown recipe category: hibernalherbs:herbal_conjuration/hibernalherbs:conjuration/sigil/configuration
[16:05:32] [Render thread/WARN] (Minecraft) Unknown recipe category: hibernalherbs:herbal_conjuration/hibernalherbs:conjuration/herb/pounded_sage
[16:05:32] [Render thread/WARN] (Minecraft) Unknown recipe category: hibernalherbs:herbal_conjuration/hibernalherbs:conjuration/herb/blend/poison
[16:05:32] [Render thread/WARN] (Minecraft) Unknown recipe category: hibernalherbs:herbal_conjuration/hibernalherbs:conjuration/herb/blend/mining_fatigue
[16:05:32] [Render thread/WARN] (Minecraft) Unknown recipe category: hibernalherbs:herbal_conjuration/hibernalherbs:conjuration/trinket/padlocks/envy_padlock
[16:05:32] [Render thread/WARN] (Minecraft) Unknown recipe category: hibernalherbs:herbal_conjuration/hibernalherbs:conjuration/sigil/mastery
[16:05:32] [Render thread/WARN] (Minecraft) Unknown recipe category: hibernalherbs:herbal_conjuration/hibernalherbs:conjuration/herb/dried/dried_essitte
[16:05:32] [Render thread/WARN] (Minecraft) Unknown recipe category: hibernalherbs:herbal_conjuration/hibernalherbs:conjuration/herb/dried/dried_thyme
[16:05:32] [Render thread/WARN] (Minecraft) Unknown recipe category: hibernalherbs:herbal_conjuration/hibernalherbs:conjuration/herb/sin/greed
[16:05:32] [Render thread/WARN] (Minecraft) Unknown recipe category: hibernalherbs:herbal_conjuration/hibernalherbs:conjuration/trinket/padlocks/lust_padlock
[16:05:32] [Render thread/WARN] (Minecraft) Unknown recipe category: hibernalherbs:herbal_conjuration/hibernalherbs:conjuration/trinket/padlocks/bound/lust_padlock
[16:05:32] [Render thread/WARN] (Minecraft) Unknown recipe category: hibernalherbs:herbal_conjuration/hibernalherbs:conjuration/herb/blend/smoked/blindness
[16:05:32] [Render thread/WARN] (Minecraft) Unknown recipe category: hibernalherbs:herbal_conjuration/hibernalherbs:conjuration/herb/dried/dried_verbena
[16:05:32] [Render thread/WARN] (Minecraft) Unknown recipe category: hibernalherbs:herbal_conjuration/hibernalherbs:conjuration/sigil/base
[16:05:32] [Render thread/WARN] (Minecraft) Unknown recipe category: hibernalherbs:herbal_conjuration/hibernalherbs:conjuration/trinket/padlocks/bound/wrath_padlock
[16:05:32] [Render thread/WARN] (Minecraft) Unknown recipe category: hibernalherbs:herbal_conjuration/hibernalherbs:conjuration/herb/sin/pride
[16:05:32] [Render thread/WARN] (Minecraft) Unknown recipe category: hibernalherbs:herbal_conjuration/hibernalherbs:conjuration/sigil/lust
[16:05:32] [Render thread/WARN] (Minecraft) Unknown recipe category: hibernalherbs:herbal_conjuration/hibernalherbs:conjuration/herb/blend/smoked/slowness
[16:05:32] [Render thread/WARN] (Minecraft) Unknown recipe category: hibernalherbs:herbal_conjuration/hibernalherbs:conjuration/herb/dried/dried_calendula
[16:05:32] [Render thread/WARN] (Minecraft) Unknown recipe category: hibernalherbs:herbal_conjuration/hibernalherbs:conjuration/sigil/configuration_adv
[16:05:32] [Render thread/WARN] (Minecraft) Unknown recipe category: hibernalherbs:herbal_conjuration/hibernalherbs:conjuration/herb/blend/regeneration_slowness
[16:05:32] [Render thread/WARN] (Minecraft) Unknown recipe category: hibernalherbs:herbal_conjuration/hibernalherbs:conjuration/herb/dried/dried_sorrel
[16:05:32] [Render thread/WARN] (Minecraft) Unknown recipe category: hibernalherbs:herbal_conjuration/hibernalherbs:conjuration/herb/blend/regeneration
[16:05:32] [Render thread/WARN] (Minecraft) Unknown recipe category: hibernalherbs:herbal_conjuration/hibernalherbs:conjuration/herb/blend/smoked/mining_fatigue
[16:05:32] [Render thread/WARN] (Minecraft) Unknown recipe category: hibernalherbs:herbal_conjuration/hibernalherbs:conjuration/herb/dried/dried_marjoram
[16:05:32] [Render thread/WARN] (Minecraft) Unknown recipe category: hibernalherbs:herbal_conjuration/hibernalherbs:conjuration/herb/dried/dried_fennkystral
[16:05:32] [Render thread/WARN] (Minecraft) Unknown recipe category: hibernalherbs:herbal_conjuration/hibernalherbs:conjuration/herb/sin/gluttony
[16:05:32] [Render thread/WARN] (Minecraft) Unknown recipe category: hibernalherbs:herbal_conjuration/hibernalherbs:conjuration/herb/blend/slowness
[16:05:32] [REI-ReloadPlugins/INFO] (REI) [REI] ########################################
[16:05:32] [REI-ReloadPlugins/INFO] (REI) [REI] REIPlugin starting main-reload for START.
[16:05:32] [REI-ReloadPlugins/INFO] (REI) [REI] Plugins (8):
[16:05:32] [REI-ReloadPlugins/INFO] (REI) [REI]  - (-100.00) DefaultClientPlugin of DefaultClientPlugin [roughlyenoughitems]
[16:05:32] [REI-ReloadPlugins/INFO] (REI) [REI]  - (-100.00) DefaultPlugin of DefaultPlugin [roughlyenoughitems]
[16:05:32] [REI-ReloadPlugins/INFO] (REI) [REI]  - (0.00) FabricFluidAPISupportPlugin
[16:05:32] [REI-ReloadPlugins/INFO] (REI) [REI]  - (0.00) TrinketsREIPlugin of TrinketsREIPlugin [trinkets]
[16:05:32] [REI-ReloadPlugins/INFO] (REI) [REI]  - (0.00) ReiHibernalHerbsPlugin of ReiHibernalHerbsPlugin [hibernalherbs]
[16:05:32] [REI-ReloadPlugins/INFO] (REI) [REI]  - (0.00) HideIngredientsFromTagsPlugin of HideIngredientsFromTagsPlugin [roughlyenoughitems]
[16:05:32] [REI-ReloadPlugins/INFO] (REI) [REI]  - (0.00) DefaultClientRuntimePlugin of DefaultClientRuntimePlugin [roughlyenoughitems]
[16:05:32] [REI-ReloadPlugins/INFO] (REI) [REI]  - (0.00) DefaultRuntimePlugin of DefaultRuntimePlugin [roughlyenoughitems]
[16:05:32] [REI-ReloadPlugins/INFO] (REI) [REI] ########################################
[16:05:32] [REI-ReloadPlugins/INFO] (REI) [REI] ****************************************
[16:05:32] [REI-ReloadPlugins/INFO] (REI) [REI] REIClientPlugin starting main-reload for START.
[16:05:32] [REI-ReloadPlugins/INFO] (REI) [REI] Plugins (5):
[16:05:32] [REI-ReloadPlugins/INFO] (REI) [REI]  - (-100.00) DefaultClientPlugin of DefaultClientPlugin [roughlyenoughitems]
[16:05:32] [REI-ReloadPlugins/INFO] (REI) [REI]  - (0.00) TrinketsREIPlugin of TrinketsREIPlugin [trinkets]
[16:05:32] [REI-ReloadPlugins/INFO] (REI) [REI]  - (0.00) ReiHibernalHerbsPlugin of ReiHibernalHerbsPlugin [hibernalherbs]
[16:05:32] [REI-ReloadPlugins/INFO] (REI) [REI]  - (0.00) HideIngredientsFromTagsPlugin of HideIngredientsFromTagsPlugin [roughlyenoughitems]
[16:05:32] [REI-ReloadPlugins/INFO] (REI) [REI]  - (0.00) DefaultClientRuntimePlugin of DefaultClientRuntimePlugin [roughlyenoughitems]
[16:05:32] [REI-ReloadPlugins/INFO] (REI) [REI] ****************************************
[16:05:32] [Render thread/INFO] (Minecraft) Loaded 13 advancements
[16:05:32] [Render thread/INFO] (patchouli) BookContentResourceListenerLoader: Files found in 134.2 ?s
[16:05:32] [Render thread/INFO] (patchouli) BookContentResourceListenerLoader: Files found in 151.9 ?s
[16:05:32] [Render thread/INFO] (patchouli) BookContentResourceListenerLoader: Files found in 96.60 ?s
[16:05:33] [REI-ReloadPlugins/INFO] (REI) [REI] ++++++++++++++++++++++++++++++++++++++++
[16:05:33] [REI-ReloadPlugins/INFO] (REI) [REI] REIServerPlugin starting main-reload for START.
[16:05:33] [REI-ReloadPlugins/INFO] (REI) [REI] Plugins (3):
[16:05:33] [REI-ReloadPlugins/INFO] (REI) [REI]  - (-100.00) DefaultPlugin of DefaultPlugin [roughlyenoughitems]
[16:05:33] [REI-ReloadPlugins/INFO] (REI) [REI]  - (0.00) FabricFluidAPISupportPlugin
[16:05:33] [REI-ReloadPlugins/INFO] (REI) [REI]  - (0.00) DefaultRuntimePlugin of DefaultRuntimePlugin [roughlyenoughitems]
[16:05:33] [REI-ReloadPlugins/INFO] (REI) [REI] ++++++++++++++++++++++++++++++++++++++++
[16:05:33] [REI-ReloadPlugins/INFO] (REI) [REI] REIPlugin finished post-reload for START in 3.201 ms, totaling 88.24 ms.
[16:05:33] [REI-ReloadPlugins/INFO] (REI) [REI] REIClientPlugin finished post-reload for START in 1.732 ms, totaling 414.4 ms.
[16:05:33] [REI-ReloadPlugins/INFO] (REI) [REI] REIServerPlugin finished post-reload for START in 343.3 ?s, totaling 3.400 ms.
[16:05:33] [REI-ReloadPlugins/INFO] (REI) [REI] ========================================
[16:05:33] [REI-ReloadPlugins/INFO] (REI) [REI] REIPlugin starting main-reload for END.
[16:05:33] [REI-ReloadPlugins/INFO] (REI) [REI] Plugins (8):
[16:05:33] [REI-ReloadPlugins/INFO] (REI) [REI]  - (-100.00) DefaultClientPlugin of DefaultClientPlugin [roughlyenoughitems]
[16:05:33] [REI-ReloadPlugins/INFO] (REI) [REI]  - (-100.00) DefaultPlugin of DefaultPlugin [roughlyenoughitems]
[16:05:33] [REI-ReloadPlugins/INFO] (REI) [REI]  - (0.00) FabricFluidAPISupportPlugin
[16:05:33] [REI-ReloadPlugins/INFO] (REI) [REI]  - (0.00) TrinketsREIPlugin of TrinketsREIPlugin [trinkets]
[16:05:33] [REI-ReloadPlugins/INFO] (REI) [REI]  - (0.00) ReiHibernalHerbsPlugin of ReiHibernalHerbsPlugin [hibernalherbs]
[16:05:33] [REI-ReloadPlugins/INFO] (REI) [REI]  - (0.00) HideIngredientsFromTagsPlugin of HideIngredientsFromTagsPlugin [roughlyenoughitems]
[16:05:33] [REI-ReloadPlugins/INFO] (REI) [REI]  - (0.00) DefaultClientRuntimePlugin of DefaultClientRuntimePlugin [roughlyenoughitems]
[16:05:33] [REI-ReloadPlugins/INFO] (REI) [REI]  - (0.00) DefaultRuntimePlugin of DefaultRuntimePlugin [roughlyenoughitems]
[16:05:33] [REI-ReloadPlugins/INFO] (REI) [REI] ========================================
[16:05:33] [REI-ReloadPlugins/INFO] (REI) [REI] ~~~~~~~~~~~~~~~~~~~~~~~~~~~~~~~~~~~~~~~~
[16:05:33] [REI-ReloadPlugins/INFO] (REI) [REI] REIClientPlugin starting main-reload for END.
[16:05:33] [REI-ReloadPlugins/INFO] (REI) [REI] Plugins (5):
[16:05:33] [REI-ReloadPlugins/INFO] (REI) [REI]  - (-100.00) DefaultClientPlugin of DefaultClientPlugin [roughlyenoughitems]
[16:05:33] [REI-ReloadPlugins/INFO] (REI) [REI]  - (0.00) TrinketsREIPlugin of TrinketsREIPlugin [trinkets]
[16:05:33] [REI-ReloadPlugins/INFO] (REI) [REI]  - (0.00) ReiHibernalHerbsPlugin of ReiHibernalHerbsPlugin [hibernalherbs]
[16:05:33] [REI-ReloadPlugins/INFO] (REI) [REI]  - (0.00) HideIngredientsFromTagsPlugin of HideIngredientsFromTagsPlugin [roughlyenoughitems]
[16:05:33] [REI-ReloadPlugins/INFO] (REI) [REI]  - (0.00) DefaultClientRuntimePlugin of DefaultClientRuntimePlugin [roughlyenoughitems]
[16:05:33] [REI-ReloadPlugins/INFO] (REI) [REI] ~~~~~~~~~~~~~~~~~~~~~~~~~~~~~~~~~~~~~~~~
[16:05:34] [REI-ReloadPlugins/INFO] (REI) [REI] ****************************************
[16:05:34] [REI-ReloadPlugins/INFO] (REI) [REI] REIServerPlugin starting main-reload for END.
[16:05:34] [REI-ReloadPlugins/INFO] (REI) [REI] Plugins (3):
[16:05:34] [REI-ReloadPlugins/INFO] (REI) [REI]  - (-100.00) DefaultPlugin of DefaultPlugin [roughlyenoughitems]
[16:05:34] [REI-ReloadPlugins/INFO] (REI) [REI]  - (0.00) FabricFluidAPISupportPlugin
[16:05:34] [REI-ReloadPlugins/INFO] (REI) [REI]  - (0.00) DefaultRuntimePlugin of DefaultRuntimePlugin [roughlyenoughitems]
[16:05:34] [REI-ReloadPlugins/INFO] (REI) [REI] ****************************************
[16:05:34] [REI-ReloadPlugins/INFO] (REI) [REI] REIPlugin finished post-reload for END in 660.0 ?s, totaling 82.74 ms.
[16:05:34] [REI-ReloadPlugins/INFO] (REI) [REI] REIClientPlugin finished post-reload for END in 527.6 ?s, totaling 883.3 ms.
[16:05:34] [REI-ReloadPlugins/INFO] (REI) [REI] REIServerPlugin finished post-reload for END in 207.1 ?s, totaling 12.51 ms.
[16:06:43] [Server thread/INFO] (Minecraft) Saving and pausing game...
[16:06:43] [Server thread/INFO] (Minecraft) Saving chunks for level 'ServerLevel[TEST #3 REBASE]'/minecraft:overworld
[16:06:43] [Server thread/INFO] (Minecraft) Saving chunks for level 'ServerLevel[TEST #3 REBASE]'/minecraft:the_nether
[16:06:43] [Server thread/INFO] (Minecraft) Saving chunks for level 'ServerLevel[TEST #3 REBASE]'/minecraft:the_end
[16:06:44] [Server thread/INFO] (Minecraft) Player785 lost connection: Disconnected
[16:06:44] [Server thread/INFO] (Minecraft) Player785 left the game
[16:06:44] [Server thread/INFO] (Minecraft) Stopping singleplayer server as player logged out
[16:06:44] [Server thread/INFO] (Minecraft) Stopping server
[16:06:44] [Server thread/INFO] (Minecraft) Saving players
[16:06:44] [Server thread/INFO] (Minecraft) Saving worlds
[16:06:45] [Server thread/INFO] (Minecraft) Saving chunks for level 'ServerLevel[TEST #3 REBASE]'/minecraft:overworld
[16:06:46] [Server thread/INFO] (Minecraft) Saving chunks for level 'ServerLevel[TEST #3 REBASE]'/minecraft:the_nether
[16:06:46] [Server thread/INFO] (Minecraft) Saving chunks for level 'ServerLevel[TEST #3 REBASE]'/minecraft:the_end
[16:06:46] [Server thread/INFO] (Minecraft) ThreadedAnvilChunkStorage (TEST #3 REBASE): All chunks are saved
[16:06:46] [Server thread/INFO] (Minecraft) ThreadedAnvilChunkStorage (DIM-1): All chunks are saved
[16:06:46] [Server thread/INFO] (Minecraft) ThreadedAnvilChunkStorage (DIM1): All chunks are saved
[16:06:46] [Server thread/INFO] (Minecraft) ThreadedAnvilChunkStorage: All dimensions are saved
[16:06:46] [Render thread/INFO] (Minecraft) Stopping!
